# JRE version: OpenJDK Runtime Environment (8.0_242-b01) (build 1.8.0_242-release-1644-b01)
# Java VM: OpenJDK 64-Bit Server VM (25.242-b01 mixed mode windows-amd64 compressed oops)
Heap:
 PSYoungGen      total 453632K, used 9634K [0x00000000d5580000, 0x00000000fa800000, 0x0000000100000000)
  eden space 396800K, 0% used [0x00000000d5580000,0x00000000d5580000,0x00000000ed900000)
  from space 56832K, 16% used [0x00000000ed900000,0x00000000ee268920,0x00000000f1080000)
  to   space 55808K, 0% used [0x00000000f7180000,0x00000000f7180000,0x00000000fa800000)
 ParOldGen       total 195072K, used 163520K [0x0000000080000000, 0x000000008be80000, 0x00000000d5580000)
  object space 195072K, 83% used [0x0000000080000000,0x0000000089fb0248,0x000000008be80000)
 Metaspace       used 90347K, capacity 95654K, committed 95912K, reserved 1132544K
  class space    used 12171K, capacity 13135K, committed 13232K, reserved 1048576K
GC Heap History (10 events):
Event: 15.936 GC heap after
Heap after GC invocations=16 (full 3):
 PSYoungGen      total 285696K, used 20779K [0x00000000d5580000, 0x00000000ec100000, 0x0000000100000000)
  eden space 256000K, 0% used [0x00000000d5580000,0x00000000d5580000,0x00000000e4f80000)
  from space 29696K, 69% used [0x00000000e4f80000,0x00000000e63cafd8,0x00000000e6c80000)
  to   space 30208K, 0% used [0x00000000ea380000,0x00000000ea380000,0x00000000ec100000)
 ParOldGen       total 195072K, used 65701K [0x0000000080000000, 0x000000008be80000, 0x00000000d5580000)
  object space 195072K, 33% used [0x0000000080000000,0x00000000840294f0,0x000000008be80000)
 Metaspace       used 84911K, capacity 89762K, committed 90024K, reserved 1126400K
  class space    used 11778K, capacity 12685K, committed 12720K, reserved 1048576K
}
Event: 50.296 GC heap before
{Heap before GC invocations=17 (full 3):
 PSYoungGen      total 285696K, used 276779K [0x00000000d5580000, 0x00000000ec100000, 0x0000000100000000)
  eden space 256000K, 100% used [0x00000000d5580000,0x00000000e4f80000,0x00000000e4f80000)
  from space 29696K, 69% used [0x00000000e4f80000,0x00000000e63cafd8,0x00000000e6c80000)
  to   space 30208K, 0% used [0x00000000ea380000,0x00000000ea380000,0x00000000ec100000)
 ParOldGen       total 195072K, used 65701K [0x0000000080000000, 0x000000008be80000, 0x00000000d5580000)
  object space 195072K, 33% used [0x0000000080000000,0x00000000840294f0,0x000000008be80000)
 Metaspace       used 89212K, capacity 94368K, committed 94504K, reserved 1130496K
  class space    used 12100K, capacity 13038K, committed 13104K, reserved 1048576K
Event: 50.313 GC heap after
Heap after GC invocations=17 (full 3):
 PSYoungGen      total 329216K, used 26685K [0x00000000d5580000, 0x00000000ebe00000, 0x0000000100000000)
  eden space 302080K, 0% used [0x00000000d5580000,0x00000000d5580000,0x00000000e7c80000)
  from space 27136K, 98% used [0x00000000ea380000,0x00000000ebd8f420,0x00000000ebe00000)
  to   space 33280K, 0% used [0x00000000e7d00000,0x00000000e7d00000,0x00000000e9d80000)
 ParOldGen       total 195072K, used 65709K [0x0000000080000000, 0x000000008be80000, 0x00000000d5580000)
  object space 195072K, 33% used [0x0000000080000000,0x000000008402b4f0,0x000000008be80000)
 Metaspace       used 89212K, capacity 94368K, committed 94504K, reserved 1130496K
  class space    used 12100K, capacity 13038K, committed 13104K, reserved 1048576K
}
Event: 50.642 GC heap before
{Heap before GC invocations=18 (full 3):
 PSYoungGen      total 329216K, used 328765K [0x00000000d5580000, 0x00000000ebe00000, 0x0000000100000000)
  eden space 302080K, 100% used [0x00000000d5580000,0x00000000e7c80000,0x00000000e7c80000)
  from space 27136K, 98% used [0x00000000ea380000,0x00000000ebd8f420,0x00000000ebe00000)
  to   space 33280K, 0% used [0x00000000e7d00000,0x00000000e7d00000,0x00000000e9d80000)
 ParOldGen       total 195072K, used 65709K [0x0000000080000000, 0x000000008be80000, 0x00000000d5580000)
  object space 195072K, 33% used [0x0000000080000000,0x000000008402b4f0,0x000000008be80000)
 Metaspace       used 89897K, capacity 95142K, committed 95400K, reserved 1132544K
  class space    used 12157K, capacity 13123K, committed 13232K, reserved 1048576K
Event: 50.684 GC heap after
Heap after GC invocations=18 (full 3):
 PSYoungGen      total 335872K, used 33276K [0x00000000d5580000, 0x00000000f4500000, 0x0000000100000000)
  eden space 302592K, 0% used [0x00000000d5580000,0x00000000d5580000,0x00000000e7d00000)
  from space 33280K, 99% used [0x00000000e7d00000,0x00000000e9d7f000,0x00000000e9d80000)
  to   space 53760K, 0% used [0x00000000f1080000,0x00000000f1080000,0x00000000f4500000)
 ParOldGen       total 195072K, used 108711K [0x0000000080000000, 0x000000008be80000, 0x00000000d5580000)
  object space 195072K, 55% used [0x0000000080000000,0x0000000086a29e00,0x000000008be80000)
 Metaspace       used 89897K, capacity 95142K, committed 95400K, reserved 1132544K
  class space    used 12157K, capacity 13123K, committed 13232K, reserved 1048576K
}
Event: 51.166 GC heap before
{Heap before GC invocations=19 (full 3):
 PSYoungGen      total 335872K, used 335868K [0x00000000d5580000, 0x00000000f4500000, 0x0000000100000000)
  eden space 302592K, 100% used [0x00000000d5580000,0x00000000e7d00000,0x00000000e7d00000)
  from space 33280K, 99% used [0x00000000e7d00000,0x00000000e9d7f000,0x00000000e9d80000)
  to   space 53760K, 0% used [0x00000000f1080000,0x00000000f1080000,0x00000000f4500000)
 ParOldGen       total 195072K, used 108711K [0x0000000080000000, 0x000000008be80000, 0x00000000d5580000)
  object space 195072K, 55% used [0x0000000080000000,0x0000000086a29e00,0x000000008be80000)
 Metaspace       used 90166K, capacity 95382K, committed 95656K, reserved 1132544K
  class space    used 12169K, capacity 13133K, committed 13232K, reserved 1048576K
Event: 51.212 GC heap after
Heap after GC invocations=19 (full 3):
 PSYoungGen      total 450560K, used 38153K [0x00000000d5580000, 0x00000000f5780000, 0x0000000100000000)
  eden space 396800K, 0% used [0x00000000d5580000,0x00000000d5580000,0x00000000ed900000)
  from space 53760K, 70% used [0x00000000f1080000,0x00000000f35c27d8,0x00000000f4500000)
  to   space 56832K, 0% used [0x00000000ed900000,0x00000000ed900000,0x00000000f1080000)
 ParOldGen       total 195072K, used 127443K [0x0000000080000000, 0x000000008be80000, 0x00000000d5580000)
  object space 195072K, 65% used [0x0000000080000000,0x0000000087c74f28,0x000000008be80000)
 Metaspace       used 90166K, capacity 95382K, committed 95656K, reserved 1132544K
  class space    used 12169K, capacity 13133K, committed 13232K, reserved 1048576K
}
Event: 51.831 GC heap before
{Heap before GC invocations=20 (full 3):
 PSYoungGen      total 450560K, used 434953K [0x00000000d5580000, 0x00000000f5780000, 0x0000000100000000)
  eden space 396800K, 100% used [0x00000000d5580000,0x00000000ed900000,0x00000000ed900000)
  from space 53760K, 70% used [0x00000000f1080000,0x00000000f35c27d8,0x00000000f4500000)
  to   space 56832K, 0% used [0x00000000ed900000,0x00000000ed900000,0x00000000f1080000)
 ParOldGen       total 195072K, used 127443K [0x0000000080000000, 0x000000008be80000, 0x00000000d5580000)
  object space 195072K, 65% used [0x0000000080000000,0x0000000087c74f28,0x000000008be80000)
 Metaspace       used 90347K, capacity 95654K, committed 95912K, reserved 1132544K
  class space    used 12171K, capacity 13135K, committed 13232K, reserved 1048576K
Event: 51.881 GC heap after
Heap after GC invocations=20 (full 3):
 PSYoungGen      total 453632K, used 9634K [0x00000000d5580000, 0x00000000fa800000, 0x0000000100000000)
  eden space 396800K, 0% used [0x00000000d5580000,0x00000000d5580000,0x00000000ed900000)
  from space 56832K, 16% used [0x00000000ed900000,0x00000000ee268920,0x00000000f1080000)
  to   space 55808K, 0% used [0x00000000f7180000,0x00000000f7180000,0x00000000fa800000)
 ParOldGen       total 195072K, used 163520K [0x0000000080000000, 0x000000008be80000, 0x00000000d5580000)
  object space 195072K, 83% used [0x0000000080000000,0x0000000089fb0248,0x000000008be80000)
 Metaspace       used 90347K, capacity 95654K, committed 95912K, reserved 1132544K
  class space    used 12171K, capacity 13135K, committed 13232K, reserved 1048576K
}
Event: 51.881 GC heap before
{Heap before GC invocations=21 (full 4):
 PSYoungGen      total 453632K, used 9634K [0x00000000d5580000, 0x00000000fa800000, 0x0000000100000000)
  eden space 396800K, 0% used [0x00000000d5580000,0x00000000d5580000,0x00000000ed900000)
  from space 56832K, 16% used [0x00000000ed900000,0x00000000ee268920,0x00000000f1080000)
  to   space 55808K, 0% used [0x00000000f7180000,0x00000000f7180000,0x00000000fa800000)
 ParOldGen       total 195072K, used 163520K [0x0000000080000000, 0x000000008be80000, 0x00000000d5580000)
  object space 195072K, 83% used [0x0000000080000000,0x0000000089fb0248,0x000000008be80000)
 Metaspace       used 90347K, capacity 95654K, committed 95912K, reserved 1132544K
  class space    used 12171K, capacity 13135K, committed 13232K, reserved 1048576K

