# JRE version: OpenJDK Runtime Environment (8.0_242-b01) (build 1.8.0_242-release-1644-b01)
# Java VM: OpenJDK 64-Bit Server VM (25.242-b01 mixed mode windows-amd64 compressed oops)
Heap:
 PSYoungGen      total 478208K, used 86686K [0x00000000d5580000, 0x0000000100000000, 0x0000000100000000)
  eden space 354816K, 24% used [0x00000000d5580000,0x00000000daa27a98,0x00000000eb000000)
  from space 123392K, 0% used [0x00000000f8780000,0x00000000f8780000,0x0000000100000000)
  to   space 172032K, 0% used [0x00000000eb000000,0x00000000eb000000,0x00000000f5800000)
 ParOldGen       total 556544K, used 230746K [0x0000000080000000, 0x00000000a1f80000, 0x00000000d5580000)
  object space 556544K, 41% used [0x0000000080000000,0x000000008e156b30,0x00000000a1f80000)
 Metaspace       used 106544K, capacity 114768K, committed 116008K, reserved 1150976K
  class space    used 13518K, capacity 14858K, committed 15152K, reserved 1048576K
GC Heap History (10 events):
Event: 5063.410 GC heap before
{Heap before GC invocations=40 (full 5):
 PSYoungGen      total 636416K, used 622368K [0x00000000d5580000, 0x0000000100000000, 0x0000000100000000)
  eden space 578560K, 100% used [0x00000000d5580000,0x00000000f8a80000,0x00000000f8a80000)
  from space 57856K, 75% used [0x00000000fc500000,0x00000000fefc80f8,0x00000000ffd80000)
  to   space 59904K, 0% used [0x00000000f8a80000,0x00000000f8a80000,0x00000000fc500000)
 ParOldGen       total 512512K, used 215445K [0x0000000080000000, 0x000000009f480000, 0x00000000d5580000)
  object space 512512K, 42% used [0x0000000080000000,0x000000008d2654e0,0x000000009f480000)
 Metaspace       used 105911K, capacity 114224K, committed 114472K, reserved 1148928K
  class space    used 13493K, capacity 14872K, committed 14896K, reserved 1048576K
Event: 5063.894 GC heap after
Heap after GC invocations=40 (full 5):
 PSYoungGen      total 638464K, used 59887K [0x00000000d5580000, 0x0000000100000000, 0x0000000100000000)
  eden space 578560K, 0% used [0x00000000d5580000,0x00000000d5580000,0x00000000f8a80000)
  from space 59904K, 99% used [0x00000000f8a80000,0x00000000fc4fbda8,0x00000000fc500000)
  to   space 60416K, 0% used [0x00000000fc500000,0x00000000fc500000,0x0000000100000000)
 ParOldGen       total 512512K, used 310028K [0x0000000080000000, 0x000000009f480000, 0x00000000d5580000)
  object space 512512K, 60% used [0x0000000080000000,0x0000000092ec3028,0x000000009f480000)
 Metaspace       used 105911K, capacity 114224K, committed 114472K, reserved 1148928K
  class space    used 13493K, capacity 14872K, committed 14896K, reserved 1048576K
}
Event: 5065.669 GC heap before
{Heap before GC invocations=41 (full 5):
 PSYoungGen      total 638464K, used 638447K [0x00000000d5580000, 0x0000000100000000, 0x0000000100000000)
  eden space 578560K, 100% used [0x00000000d5580000,0x00000000f8a80000,0x00000000f8a80000)
  from space 59904K, 99% used [0x00000000f8a80000,0x00000000fc4fbda8,0x00000000fc500000)
  to   space 60416K, 0% used [0x00000000fc500000,0x00000000fc500000,0x0000000100000000)
 ParOldGen       total 512512K, used 310028K [0x0000000080000000, 0x000000009f480000, 0x00000000d5580000)
  object space 512512K, 60% used [0x0000000080000000,0x0000000092ec3028,0x000000009f480000)
 Metaspace       used 106790K, capacity 115414K, committed 115752K, reserved 1150976K
  class space    used 13614K, capacity 15045K, committed 15152K, reserved 1048576K
Event: 5065.758 GC heap after
Heap after GC invocations=41 (full 5):
 PSYoungGen      total 511488K, used 60391K [0x00000000d5580000, 0x0000000100000000, 0x0000000100000000)
  eden space 451072K, 0% used [0x00000000d5580000,0x00000000d5580000,0x00000000f0e00000)
  from space 60416K, 99% used [0x00000000fc500000,0x00000000ffff9ea8,0x0000000100000000)
  to   space 123904K, 0% used [0x00000000f0e00000,0x00000000f0e00000,0x00000000f8700000)
 ParOldGen       total 512512K, used 366910K [0x0000000080000000, 0x000000009f480000, 0x00000000d5580000)
  object space 512512K, 71% used [0x0000000080000000,0x000000009664f9f0,0x000000009f480000)
 Metaspace       used 106790K, capacity 115414K, committed 115752K, reserved 1150976K
  class space    used 13614K, capacity 15045K, committed 15152K, reserved 1048576K
}
Event: 5066.281 GC heap before
{Heap before GC invocations=42 (full 5):
 PSYoungGen      total 511488K, used 511381K [0x00000000d5580000, 0x0000000100000000, 0x0000000100000000)
  eden space 451072K, 99% used [0x00000000d5580000,0x00000000f0deb5f0,0x00000000f0e00000)
  from space 60416K, 99% used [0x00000000fc500000,0x00000000ffff9ea8,0x0000000100000000)
  to   space 123904K, 0% used [0x00000000f0e00000,0x00000000f0e00000,0x00000000f8700000)
 ParOldGen       total 512512K, used 366910K [0x0000000080000000, 0x000000009f480000, 0x00000000d5580000)
  object space 512512K, 71% used [0x0000000080000000,0x000000009664f9f0,0x000000009f480000)
 Metaspace       used 106889K, capacity 115576K, committed 115752K, reserved 1150976K
  class space    used 13622K, capacity 15050K, committed 15152K, reserved 1048576K
Event: 5066.321 GC heap after
Heap after GC invocations=42 (full 5):
 PSYoungGen      total 574976K, used 69720K [0x00000000d5580000, 0x0000000100000000, 0x0000000100000000)
  eden space 451072K, 0% used [0x00000000d5580000,0x00000000d5580000,0x00000000f0e00000)
  from space 123904K, 56% used [0x00000000f0e00000,0x00000000f5216308,0x00000000f8700000)
  to   space 123392K, 0% used [0x00000000f8780000,0x00000000f8780000,0x0000000100000000)
 ParOldGen       total 512512K, used 377771K [0x0000000080000000, 0x000000009f480000, 0x00000000d5580000)
  object space 512512K, 73% used [0x0000000080000000,0x00000000970ead80,0x000000009f480000)
 Metaspace       used 106889K, capacity 115576K, committed 115752K, reserved 1150976K
  class space    used 13622K, capacity 15050K, committed 15152K, reserved 1048576K
}
Event: 5067.406 GC heap before
{Heap before GC invocations=43 (full 5):
 PSYoungGen      total 574976K, used 520792K [0x00000000d5580000, 0x0000000100000000, 0x0000000100000000)
  eden space 451072K, 100% used [0x00000000d5580000,0x00000000f0e00000,0x00000000f0e00000)
  from space 123904K, 56% used [0x00000000f0e00000,0x00000000f5216308,0x00000000f8700000)
  to   space 123392K, 0% used [0x00000000f8780000,0x00000000f8780000,0x0000000100000000)
 ParOldGen       total 512512K, used 377771K [0x0000000080000000, 0x000000009f480000, 0x00000000d5580000)
  object space 512512K, 73% used [0x0000000080000000,0x00000000970ead80,0x000000009f480000)
 Metaspace       used 106974K, capacity 115656K, committed 116008K, reserved 1150976K
  class space    used 13623K, capacity 15052K, committed 15152K, reserved 1048576K
Event: 5067.560 GC heap after
Heap after GC invocations=43 (full 5):
 PSYoungGen      total 478208K, used 123371K [0x00000000d5580000, 0x0000000100000000, 0x0000000100000000)
  eden space 354816K, 0% used [0x00000000d5580000,0x00000000d5580000,0x00000000eb000000)
  from space 123392K, 99% used [0x00000000f8780000,0x00000000ffffaf68,0x0000000100000000)
  to   space 172032K, 0% used [0x00000000eb000000,0x00000000eb000000,0x00000000f5800000)
 ParOldGen       total 512512K, used 457318K [0x0000000080000000, 0x000000009f480000, 0x00000000d5580000)
  object space 512512K, 89% used [0x0000000080000000,0x000000009be99a30,0x000000009f480000)
 Metaspace       used 106974K, capacity 115656K, committed 116008K, reserved 1150976K
  class space    used 13623K, capacity 15052K, committed 15152K, reserved 1048576K
}
Event: 5067.561 GC heap before
{Heap before GC invocations=44 (full 6):
 PSYoungGen      total 478208K, used 123371K [0x00000000d5580000, 0x0000000100000000, 0x0000000100000000)
  eden space 354816K, 0% used [0x00000000d5580000,0x00000000d5580000,0x00000000eb000000)
  from space 123392K, 99% used [0x00000000f8780000,0x00000000ffffaf68,0x0000000100000000)
  to   space 172032K, 0% used [0x00000000eb000000,0x00000000eb000000,0x00000000f5800000)
 ParOldGen       total 512512K, used 457318K [0x0000000080000000, 0x000000009f480000, 0x00000000d5580000)
  object space 512512K, 89% used [0x0000000080000000,0x000000009be99a30,0x000000009f480000)
 Metaspace       used 106974K, capacity 115656K, committed 116008K, reserved 1150976K
  class space    used 13623K, capacity 15052K, committed 15152K, reserved 1048576K
Event: 5069.830 GC heap after
Heap after GC invocations=44 (full 6):
 PSYoungGen      total 478208K, used 0K [0x00000000d5580000, 0x0000000100000000, 0x0000000100000000)
  eden space 354816K, 0% used [0x00000000d5580000,0x00000000d5580000,0x00000000eb000000)
  from space 123392K, 0% used [0x00000000f8780000,0x00000000f8780000,0x0000000100000000)
  to   space 172032K, 0% used [0x00000000eb000000,0x00000000eb000000,0x00000000f5800000)
 ParOldGen       total 556544K, used 230746K [0x0000000080000000, 0x00000000a1f80000, 0x00000000d5580000)
  object space 556544K, 41% used [0x0000000080000000,0x000000008e156b30,0x00000000a1f80000)
 Metaspace       used 106541K, capacity 114768K, committed 116008K, reserved 1150976K
  class space    used 13517K, capacity 14858K, committed 15152K, reserved 1048576K
}

