# JRE version: OpenJDK Runtime Environment (8.0_242-b01) (build 1.8.0_242-release-1644-b01)
# Java VM: OpenJDK 64-Bit Server VM (25.242-b01 mixed mode windows-amd64 compressed oops)
Heap:
 PSYoungGen      total 451584K, used 449587K [0x00000000d5580000, 0x00000000f4a80000, 0x0000000100000000)
  eden space 429056K, 99% used [0x00000000d5580000,0x00000000ef6e0a20,0x00000000ef880000)
  from space 22528K, 98% used [0x00000000f0d80000,0x00000000f232c340,0x00000000f2380000)
  to   space 37376K, 99% used [0x00000000f2600000,0x00000000f4a7a290,0x00000000f4a80000)
 ParOldGen       total 321024K, used 134164K [0x0000000080000000, 0x0000000093980000, 0x00000000d5580000)
  object space 321024K, 41% used [0x0000000080000000,0x00000000883050f8,0x0000000093980000)
 Metaspace       used 98193K, capacity 104432K, committed 106584K, reserved 1140736K
  class space    used 12563K, capacity 13652K, committed 14464K, reserved 1048576K
GC Heap History (10 events):
Event: 1557.141 GC heap after
Heap after GC invocations=27 (full 4):
 PSYoungGen      total 477184K, used 18772K [0x00000000d5580000, 0x00000000f6a00000, 0x0000000100000000)
  eden space 435200K, 0% used [0x00000000d5580000,0x00000000d5580000,0x00000000efe80000)
  from space 41984K, 44% used [0x00000000efe80000,0x00000000f10d5050,0x00000000f2780000)
  to   space 39936K, 0% used [0x00000000f4300000,0x00000000f4300000,0x00000000f6a00000)
 ParOldGen       total 321024K, used 78898K [0x0000000080000000, 0x0000000093980000, 0x00000000d5580000)
  object space 321024K, 24% used [0x0000000080000000,0x0000000084d0c8f8,0x0000000093980000)
 Metaspace       used 96474K, capacity 102730K, committed 104920K, reserved 1140736K
  class space    used 12449K, capacity 13509K, committed 14336K, reserved 1048576K
}
Event: 1768.872 GC heap before
{Heap before GC invocations=28 (full 4):
 PSYoungGen      total 477184K, used 453972K [0x00000000d5580000, 0x00000000f6a00000, 0x0000000100000000)
  eden space 435200K, 100% used [0x00000000d5580000,0x00000000efe80000,0x00000000efe80000)
  from space 41984K, 44% used [0x00000000efe80000,0x00000000f10d5050,0x00000000f2780000)
  to   space 39936K, 0% used [0x00000000f4300000,0x00000000f4300000,0x00000000f6a00000)
 ParOldGen       total 321024K, used 78898K [0x0000000080000000, 0x0000000093980000, 0x00000000d5580000)
  object space 321024K, 24% used [0x0000000080000000,0x0000000084d0c8f8,0x0000000093980000)
 Metaspace       used 96633K, capacity 102794K, committed 104920K, reserved 1140736K
  class space    used 12450K, capacity 13509K, committed 14336K, reserved 1048576K
Event: 1768.887 GC heap after
Heap after GC invocations=28 (full 4):
 PSYoungGen      total 492032K, used 24264K [0x00000000d5580000, 0x00000000f6380000, 0x0000000100000000)
  eden space 458752K, 0% used [0x00000000d5580000,0x00000000d5580000,0x00000000f1580000)
  from space 33280K, 72% used [0x00000000f4300000,0x00000000f5ab2030,0x00000000f6380000)
  to   space 39936K, 0% used [0x00000000f1580000,0x00000000f1580000,0x00000000f3c80000)
 ParOldGen       total 321024K, used 78906K [0x0000000080000000, 0x0000000093980000, 0x00000000d5580000)
  object space 321024K, 24% used [0x0000000080000000,0x0000000084d0e8f8,0x0000000093980000)
 Metaspace       used 96633K, capacity 102794K, committed 104920K, reserved 1140736K
  class space    used 12450K, capacity 13509K, committed 14336K, reserved 1048576K
}
Event: 1866.068 GC heap before
{Heap before GC invocations=29 (full 4):
 PSYoungGen      total 492032K, used 483016K [0x00000000d5580000, 0x00000000f6380000, 0x0000000100000000)
  eden space 458752K, 100% used [0x00000000d5580000,0x00000000f1580000,0x00000000f1580000)
  from space 33280K, 72% used [0x00000000f4300000,0x00000000f5ab2030,0x00000000f6380000)
  to   space 39936K, 0% used [0x00000000f1580000,0x00000000f1580000,0x00000000f3c80000)
 ParOldGen       total 321024K, used 78906K [0x0000000080000000, 0x0000000093980000, 0x00000000d5580000)
  object space 321024K, 24% used [0x0000000080000000,0x0000000084d0e8f8,0x0000000093980000)
 Metaspace       used 96810K, capacity 103092K, committed 105176K, reserved 1140736K
  class space    used 12458K, capacity 13542K, committed 14336K, reserved 1048576K
Event: 1866.087 GC heap after
Heap after GC invocations=29 (full 4):
 PSYoungGen      total 498688K, used 23472K [0x00000000d5580000, 0x00000000f7000000, 0x0000000100000000)
  eden space 458752K, 0% used [0x00000000d5580000,0x00000000d5580000,0x00000000f1580000)
  from space 39936K, 58% used [0x00000000f1580000,0x00000000f2c6c3e0,0x00000000f3c80000)
  to   space 38912K, 0% used [0x00000000f4a00000,0x00000000f4a00000,0x00000000f7000000)
 ParOldGen       total 321024K, used 78914K [0x0000000080000000, 0x0000000093980000, 0x00000000d5580000)
  object space 321024K, 24% used [0x0000000080000000,0x0000000084d108f8,0x0000000093980000)
 Metaspace       used 96810K, capacity 103092K, committed 105176K, reserved 1140736K
  class space    used 12458K, capacity 13542K, committed 14336K, reserved 1048576K
}
Event: 2706.387 GC heap before
{Heap before GC invocations=30 (full 4):
 PSYoungGen      total 498688K, used 482224K [0x00000000d5580000, 0x00000000f7000000, 0x0000000100000000)
  eden space 458752K, 100% used [0x00000000d5580000,0x00000000f1580000,0x00000000f1580000)
  from space 39936K, 58% used [0x00000000f1580000,0x00000000f2c6c3e0,0x00000000f3c80000)
  to   space 38912K, 0% used [0x00000000f4a00000,0x00000000f4a00000,0x00000000f7000000)
 ParOldGen       total 321024K, used 78914K [0x0000000080000000, 0x0000000093980000, 0x00000000d5580000)
  object space 321024K, 24% used [0x0000000080000000,0x0000000084d108f8,0x0000000093980000)
 Metaspace       used 96946K, capacity 103224K, committed 105432K, reserved 1140736K
  class space    used 12459K, capacity 13542K, committed 14336K, reserved 1048576K
Event: 2706.396 GC heap after
Heap after GC invocations=30 (full 4):
 PSYoungGen      total 458240K, used 14616K [0x00000000d5580000, 0x00000000f5880000, 0x0000000100000000)
  eden space 443392K, 0% used [0x00000000d5580000,0x00000000d5580000,0x00000000f0680000)
  from space 14848K, 98% used [0x00000000f4a00000,0x00000000f5846080,0x00000000f5880000)
  to   space 38400K, 0% used [0x00000000f0d80000,0x00000000f0d80000,0x00000000f3300000)
 ParOldGen       total 321024K, used 78922K [0x0000000080000000, 0x0000000093980000, 0x00000000d5580000)
  object space 321024K, 24% used [0x0000000080000000,0x0000000084d128f8,0x0000000093980000)
 Metaspace       used 96946K, capacity 103224K, committed 105432K, reserved 1140736K
  class space    used 12459K, capacity 13542K, committed 14336K, reserved 1048576K
}
Event: 2787.910 GC heap before
{Heap before GC invocations=31 (full 4):
 PSYoungGen      total 458240K, used 458008K [0x00000000d5580000, 0x00000000f5880000, 0x0000000100000000)
  eden space 443392K, 100% used [0x00000000d5580000,0x00000000f0680000,0x00000000f0680000)
  from space 14848K, 98% used [0x00000000f4a00000,0x00000000f5846080,0x00000000f5880000)
  to   space 38400K, 0% used [0x00000000f0d80000,0x00000000f0d80000,0x00000000f3300000)
 ParOldGen       total 321024K, used 78922K [0x0000000080000000, 0x0000000093980000, 0x00000000d5580000)
  object space 321024K, 24% used [0x0000000080000000,0x0000000084d128f8,0x0000000093980000)
 Metaspace       used 97152K, capacity 103442K, committed 105432K, reserved 1140736K
  class space    used 12460K, capacity 13543K, committed 14336K, reserved 1048576K
Event: 2787.931 GC heap after
Heap after GC invocations=31 (full 4):
 PSYoungGen      total 451584K, used 22192K [0x00000000d5580000, 0x00000000f4a80000, 0x0000000100000000)
  eden space 429056K, 0% used [0x00000000d5580000,0x00000000d5580000,0x00000000ef880000)
  from space 22528K, 98% used [0x00000000f0d80000,0x00000000f232c340,0x00000000f2380000)
  to   space 37376K, 0% used [0x00000000f2600000,0x00000000f2600000,0x00000000f4a80000)
 ParOldGen       total 321024K, used 78930K [0x0000000080000000, 0x0000000093980000, 0x00000000d5580000)
  object space 321024K, 24% used [0x0000000080000000,0x0000000084d148f8,0x0000000093980000)
 Metaspace       used 97152K, capacity 103442K, committed 105432K, reserved 1140736K
  class space    used 12460K, capacity 13543K, committed 14336K, reserved 1048576K
}
Event: 3669.594 GC heap before
{Heap before GC invocations=32 (full 4):
 PSYoungGen      total 451584K, used 449587K [0x00000000d5580000, 0x00000000f4a80000, 0x0000000100000000)
  eden space 429056K, 99% used [0x00000000d5580000,0x00000000ef6e0a20,0x00000000ef880000)
  from space 22528K, 98% used [0x00000000f0d80000,0x00000000f232c340,0x00000000f2380000)
  to   space 37376K, 0% used [0x00000000f2600000,0x00000000f2600000,0x00000000f4a80000)
 ParOldGen       total 321024K, used 78930K [0x0000000080000000, 0x0000000093980000, 0x00000000d5580000)
  object space 321024K, 24% used [0x0000000080000000,0x0000000084d148f8,0x0000000093980000)
 Metaspace       used 98193K, capacity 104432K, committed 106584K, reserved 1140736K
  class space    used 12563K, capacity 13652K, committed 14464K, reserved 1048576K

